[INFO][2014-06-17 12:27:19,142][org.jeecgframework.codegenerate.generate.CodeGenerate]----jeecg---Code----Generation----[单表模型:meeting_info_history]------- 生成中。。。
[INFO][2014-06-17 12:27:23,755][org.jeecgframework.codegenerate.generate.CodeGenerate]----jeecg----Code----Generation-----[单表模型：meeting_info_history]------ 生成完成。。。
[INFO][2014-06-17 14:59:20,537][org.jeecgframework.codegenerate.generate.CodeGenerate]----jeecg---Code----Generation----[单表模型:meeting_info]------- 生成中。。。
[INFO][2014-06-17 14:59:24,158][org.jeecgframework.codegenerate.generate.CodeGenerate]----jeecg----Code----Generation-----[单表模型：meeting_info]------ 生成完成。。。
[INFO][2014-06-17 16:21:55,273][org.jeecgframework.codegenerate.generate.CodeGenerate]----jeecg---Code----Generation----[单表模型:meeting_log]------- 生成中。。。
[INFO][2014-06-17 16:21:57,196][org.jeecgframework.codegenerate.generate.CodeGenerate]----jeecg----Code----Generation-----[单表模型：meeting_log]------ 生成完成。。。
[INFO][2014-06-17 16:29:38,618][org.jeecgframework.codegenerate.generate.CodeGenerate]----jeecg---Code----Generation----[单表模型:meeting_info]------- 生成中。。。
[INFO][2014-06-17 16:29:39,874][org.jeecgframework.codegenerate.generate.CodeGenerate]----jeecg----Code----Generation-----[单表模型：meeting_info]------ 生成完成。。。
[INFO][2014-06-17 16:32:21,472][org.jeecgframework.codegenerate.generate.CodeGenerate]----jeecg---Code----Generation----[单表模型:meeting_info]------- 生成中。。。
[INFO][2014-06-17 16:32:22,824][org.jeecgframework.codegenerate.generate.CodeGenerate]----jeecg----Code----Generation-----[单表模型：meeting_info]------ 生成完成。。。
[INFO][2014-06-17 16:38:40,905][org.jeecgframework.codegenerate.generate.CodeGenerate]----jeecg---Code----Generation----[单表模型:meeting_log]------- 生成中。。。
[INFO][2014-06-17 16:38:42,229][org.jeecgframework.codegenerate.generate.CodeGenerate]----jeecg----Code----Generation-----[单表模型：meeting_log]------ 生成完成。。。
[INFO][2014-06-18 17:06:01,057][org.jeecgframework.codegenerate.generate.CodeGenerate]----jeecg---Code----Generation----[单表模型:appointment_meeting_info]------- 生成中。。。
[INFO][2014-06-18 17:06:03,427][org.jeecgframework.codegenerate.generate.CodeGenerate]----jeecg----Code----Generation-----[单表模型：appointment_meeting_info]------ 生成完成。。。
[INFO][2014-06-19 10:40:42,349][org.jeecgframework.codegenerate.generate.CodeGenerate]----jeecg---Code----Generation----[单表模型:conf_codec_info]------- 生成中。。。
[INFO][2014-06-19 10:40:45,105][org.jeecgframework.codegenerate.generate.CodeGenerate]----jeecg----Code----Generation-----[单表模型：conf_codec_info]------ 生成完成。。。
[INFO][2014-06-19 10:54:04,649][org.jeecgframework.codegenerate.generate.CodeGenerate]----jeecg---Code----Generation----[单表模型:meeting_authority_group]------- 生成中。。。
[INFO][2014-06-19 10:54:06,077][org.jeecgframework.codegenerate.generate.CodeGenerate]----jeecg----Code----Generation-----[单表模型：meeting_authority_group]------ 生成完成。。。
[INFO][2014-06-19 10:54:43,069][org.jeecgframework.codegenerate.generate.CodeGenerate]----jeecg---Code----Generation----[单表模型:meeting_authority_usergroup]------- 生成中。。。
[INFO][2014-06-19 10:54:44,048][org.jeecgframework.codegenerate.generate.CodeGenerate]----jeecg----Code----Generation-----[单表模型：meeting_authority_usergroup]------ 生成完成。。。
[INFO][2014-06-20 12:00:32,829][org.jeecgframework.codegenerate.generate.CodeGenerate]----jeecg---Code----Generation----[单表模型:appointment_channel_info]------- 生成中。。。
[INFO][2014-06-20 12:00:34,926][org.jeecgframework.codegenerate.generate.CodeGenerate]----jeecg----Code----Generation-----[单表模型：appointment_channel_info]------ 生成完成。。。
[INFO][2014-07-11 12:37:40,964][org.jeecgframework.codegenerate.generate.CodeGenerate]----jeecg---Code----Generation----[单表模型:meeting_live_session]------- 生成中。。。
[INFO][2014-07-11 12:37:43,389][org.jeecgframework.codegenerate.generate.CodeGenerate]----jeecg----Code----Generation-----[单表模型：meeting_live_session]------ 生成完成。。。
[INFO][2014-07-11 12:39:43,368][org.jeecgframework.codegenerate.generate.CodeGenerate]----jeecg---Code----Generation----[单表模型:meeting_live_section_record]------- 生成中。。。
[INFO][2014-07-11 12:39:44,389][org.jeecgframework.codegenerate.generate.CodeGenerate]----jeecg----Code----Generation-----[单表模型：meeting_live_section_record]------ 生成完成。。。
[INFO][2014-07-11 14:04:37,032][org.jeecgframework.codegenerate.generate.CodeGenerate]----jeecg---Code----Generation----[单表模型:conf_codec_recordsrv]------- 生成中。。。
[INFO][2014-07-11 14:04:38,386][org.jeecgframework.codegenerate.generate.CodeGenerate]----jeecg----Code----Generation-----[单表模型：conf_codec_recordsrv]------ 生成完成。。。
[INFO][2014-07-11 14:06:45,401][org.jeecgframework.codegenerate.generate.CodeGenerate]----jeecg---Code----Generation----[单表模型:conf_recordsrv_info]------- 生成中。。。
[INFO][2014-07-11 14:06:46,402][org.jeecgframework.codegenerate.generate.CodeGenerate]----jeecg----Code----Generation-----[单表模型：conf_recordsrv_info]------ 生成完成。。。
[INFO][2014-07-11 14:07:51,195][org.jeecgframework.codegenerate.generate.CodeGenerate]----jeecg---Code----Generation----[单表模型:conf_rtspsrv_info]------- 生成中。。。
[INFO][2014-07-11 14:07:52,233][org.jeecgframework.codegenerate.generate.CodeGenerate]----jeecg----Code----Generation-----[单表模型：conf_rtspsrv_info]------ 生成完成。。。
[INFO][2014-07-11 14:09:49,259][org.jeecgframework.codegenerate.generate.CodeGenerate]----jeecg---Code----Generation----[单表模型:conf_recordsrv_rtspsrv]------- 生成中。。。
[INFO][2014-07-11 14:09:50,471][org.jeecgframework.codegenerate.generate.CodeGenerate]----jeecg----Code----Generation-----[单表模型：conf_recordsrv_rtspsrv]------ 生成完成。。。
[INFO][2014-07-11 18:52:31,090][org.jeecgframework.codegenerate.generate.CodeGenerate]----jeecg---Code----Generation----[单表模型:terminal_info]------- 生成中。。。
[INFO][2014-07-11 18:52:33,883][org.jeecgframework.codegenerate.generate.CodeGenerate]----jeecg----Code----Generation-----[单表模型：terminal_info]------ 生成完成。。。
[INFO][2014-07-15 17:45:05,589][org.jeecgframework.codegenerate.generate.CodeGenerate]----jeecg---Code----Generation----[单表模型:meeting_info_history]------- 生成中。。。
[INFO][2014-07-15 17:45:07,978][org.jeecgframework.codegenerate.generate.CodeGenerate]----jeecg----Code----Generation-----[单表模型：meeting_info_history]------ 生成完成。。。
[INFO][2014-07-15 17:46:54,775][org.jeecgframework.codegenerate.generate.CodeGenerate]----jeecg---Code----Generation----[单表模型:meeting_vod_session]------- 生成中。。。
[INFO][2014-07-15 17:46:55,779][org.jeecgframework.codegenerate.generate.CodeGenerate]----jeecg----Code----Generation-----[单表模型：meeting_vod_session]------ 生成完成。。。
[INFO][2014-07-15 17:48:16,396][org.jeecgframework.codegenerate.generate.CodeGenerate]----jeecg---Code----Generation----[单表模型:meeting_vod_section_record]------- 生成中。。。
[INFO][2014-07-15 17:48:17,392][org.jeecgframework.codegenerate.generate.CodeGenerate]----jeecg----Code----Generation-----[单表模型：meeting_vod_section_record]------ 生成完成。。。
[INFO][2014-07-21 13:06:30,785][org.jeecgframework.codegenerate.generate.CodeGenerate]----jeecg---Code----Generation----[单表模型:terminal_heart_request]------- 生成中。。。
[INFO][2014-07-21 13:06:33,493][org.jeecgframework.codegenerate.generate.CodeGenerate]----jeecg----Code----Generation-----[单表模型：terminal_heart_request]------ 生成完成。。。
